\BOOKMARK [0][-]{chapter.1}{\376\377\215\050\145\160}{}% 1
\BOOKMARK [1][-]{section.1.1}{\376\377\122\044\133\232\215\050\145\160}{chapter.1}% 2
\BOOKMARK [1][-]{section.1.2}{\376\377\122\006\211\343\215\050\126\340\145\160}{chapter.1}% 3
\BOOKMARK [1][-]{section.1.3}{\376\377\215\050\145\160\173\133}{chapter.1}% 4
\BOOKMARK [2][-]{subsection.1.3.1}{\376\377\127\303\154\017\173\133\154\325}{section.1.3}% 5
\BOOKMARK [2][-]{subsection.1.3.2}{\376\377\153\047\142\311\173\133\154\325\000\050\176\277\137\142\173\133\154\325\000\051}{section.1.3}% 6
\BOOKMARK [0][-]{chapter.2}{\376\377\176\246\145\160}{}% 7
\BOOKMARK [1][-]{section.2.1}{\376\377\213\325\226\144\154\325\154\102\176\246\145\160}{chapter.2}% 8
\BOOKMARK [1][-]{section.2.2}{\376\377\176\246\145\160\116\052\145\160}{chapter.2}% 9
\BOOKMARK [1][-]{section.2.3}{\376\377\176\246\145\160\116\113\124\214}{chapter.2}% 10
\BOOKMARK [1][-]{section.2.4}{\376\377\147\000\134\017\121\154\176\246\145\160}{chapter.2}% 11
\BOOKMARK [0][-]{chapter.3}{\376\377\153\047\142\311\121\375\145\160}{}% 12
\BOOKMARK [0][-]{chapter.4}{\376\377\137\353\220\037\136\102}{}% 13
\BOOKMARK [1][-]{section.4.1}{\376\377\137\353\220\037\136\102\123\237\164\006}{chapter.4}% 14
\BOOKMARK [1][-]{section.4.2}{\376\377\137\353\220\037\136\102\154\102\220\006\121\103}{chapter.4}% 15
\BOOKMARK [0][-]{chapter.5}{\376\377\142\151\134\125\153\047\121\340\221\314\137\227\173\227\154\325\377\010\174\211\170\216\147\072\377\011}{}% 16
\BOOKMARK [1][-]{section.5.1}{\376\377\142\151\134\125\153\047\121\340\221\314\137\227\173\227\154\325\123\237\164\006}{chapter.5}% 17
\BOOKMARK [1][-]{section.5.2}{\376\377\142\151\134\125\153\047\121\340\221\314\137\227\173\227\154\325\154\102\220\006\121\103}{chapter.5}% 18
\BOOKMARK [0][-]{chapter.6}{\376\377\116\055\126\375\122\151\117\131\133\232\164\006\377\010\133\131\133\120\133\232\164\006\377\011}{}% 19
\BOOKMARK [0][-]{chapter.7}{\376\377\176\304\124\010\145\160}{}% 20
\BOOKMARK [0][-]{chapter.8}{\376\377\133\271\145\245\123\237\164\006}{}% 21
\BOOKMARK [0][-]{chapter.9}{\376\377\123\132\137\010\213\272}{}% 22
